<?xml version="1.0" encoding="UTF-8"?>
<testng-results ignored="0" total="0" passed="0" failed="0" skipped="0">
  <reporter-output>
  </reporter-output>
  <suite started-at="2022-08-31T16:25:14 IST" name="Default suite" finished-at="2022-08-31T16:25:15 IST" duration-ms="1012">
    <groups>
      <group name="cucumber">
        <method signature="AbstractTestNGCucumberTests.runScenario(io.cucumber.testng.PickleWrapper,io.cucumber.testng.FeatureWrapper)[pri:0, instance:runner.TestNGRunnerTest@1151e434]" name="runScenario" class="io.cucumber.testng.AbstractTestNGCucumberTests"/>
      </group> <!-- cucumber -->
    </groups>
    <test started-at="2022-08-31T16:25:14 IST" name="Default test" finished-at="2022-08-31T16:25:15 IST" duration-ms="1012">
      <class name="runner.TestNGRunnerTest">
        <test-method is-config="true" signature="setUpClass(org.testng.ITestContext)[pri:0, instance:runner.TestNGRunnerTest@1151e434]" started-at="2022-08-31T16:25:14 IST" name="setUpClass" finished-at="2022-08-31T16:25:15 IST" duration-ms="885" status="PASS">
          <params>
            <param index="0">
              <value>
                <![CDATA[org.testng.TestRunner@2484f433]]>
              </value>
            </param>
          </params>
          <reporter-output>
          </reporter-output>
        </test-method> <!-- setUpClass -->
        <test-method is-config="true" signature="beforeClass()[pri:0, instance:runner.TestNGRunnerTest@1151e434]" started-at="2022-08-31T16:25:15 IST" name="beforeClass" finished-at="2022-08-31T16:25:15 IST" duration-ms="1" status="PASS">
          <reporter-output>
          </reporter-output>
        </test-method> <!-- beforeClass -->
        <test-method is-config="true" signature="afterClass()[pri:0, instance:runner.TestNGRunnerTest@1151e434]" started-at="2022-08-31T16:25:15 IST" name="afterClass" finished-at="2022-08-31T16:25:15 IST" duration-ms="1" status="PASS">
          <reporter-output>
          </reporter-output>
        </test-method> <!-- afterClass -->
        <test-method is-config="true" signature="tearDownClass()[pri:0, instance:runner.TestNGRunnerTest@1151e434]" started-at="2022-08-31T16:25:15 IST" name="tearDownClass" finished-at="2022-08-31T16:25:15 IST" duration-ms="75" status="PASS">
          <reporter-output>
          </reporter-output>
        </test-method> <!-- tearDownClass -->
      </class> <!-- runner.TestNGRunnerTest -->
    </test> <!-- Default test -->
  </suite> <!-- Default suite -->
</testng-results>
